<?xml version="1.0" encoding="UTF-8"?>
<testsuite name="SSUpower.demo.PowerrangerApplicationTests" tests="1" skipped="0" failures="0" errors="0" timestamp="2023-05-09T11:14:00" hostname="byeon-eun-yeong-ui-MacBookAir.local" time="0.092">
  <properties/>
  <testcase name="contextLoads()" classname="SSUpower.demo.PowerrangerApplicationTests" time="0.092"/>
  <system-out><![CDATA[20:13:58.972 [Test worker] DEBUG org.springframework.boot.test.context.SpringBootTestContextBootstrapper -- Neither @ContextConfiguration nor @ContextHierarchy found for test class [PowerrangerApplicationTests]: using SpringBootContextLoader
20:13:58.974 [Test worker] DEBUG org.springframework.test.context.support.AbstractContextLoader -- Could not detect default resource locations for test class [SSUpower.demo.PowerrangerApplicationTests]: no resource found for suffixes {-context.xml, Context.groovy}.
20:13:58.974 [Test worker] INFO org.springframework.test.context.support.AnnotationConfigContextLoaderUtils -- Could not detect default configuration classes for test class [SSUpower.demo.PowerrangerApplicationTests]: PowerrangerApplicationTests does not declare any static, non-private, non-final, nested classes annotated with @Configuration.
20:13:58.983 [Test worker] DEBUG org.springframework.boot.test.context.SpringBootTestContextBootstrapper -- Using ContextCustomizers for test class [PowerrangerApplicationTests]: [DisableObservabilityContextCustomizer, PropertyMappingContextCustomizer, Customizer, ExcludeFilterContextCustomizer, DuplicateJsonObjectContextCustomizer, MockitoContextCustomizer, TestRestTemplateContextCustomizer]
20:13:59.005 [Test worker] DEBUG org.springframework.context.annotation.ClassPathScanningCandidateComponentProvider -- Identified candidate component class: file [/Users/byeon-eun-yeong/Desktop/SSUpower-Back/build/classes/java/main/SSUpower/demo/PowerrangerApplication.class]
20:13:59.009 [Test worker] INFO org.springframework.boot.test.context.SpringBootTestContextBootstrapper -- Found @SpringBootConfiguration SSUpower.demo.PowerrangerApplication for test class SSUpower.demo.PowerrangerApplicationTests
20:13:59.039 [Test worker] DEBUG org.springframework.boot.test.context.SpringBootTestContextBootstrapper -- Using TestExecutionListeners for test class [PowerrangerApplicationTests]: [ServletTestExecutionListener, DirtiesContextBeforeModesTestExecutionListener, ApplicationEventsTestExecutionListener, MockitoTestExecutionListener, DependencyInjectionTestExecutionListener, DirtiesContextTestExecutionListener, TransactionalTestExecutionListener, SqlScriptsTestExecutionListener, EventPublishingTestExecutionListener, RestDocsTestExecutionListener, MockRestServiceServerResetTestExecutionListener, MockMvcPrintOnlyOnFailureTestExecutionListener, WebDriverTestExecutionListener, MockWebServiceServerTestExecutionListener, ResetMocksTestExecutionListener]
20:13:59.040 [Test worker] DEBUG org.springframework.test.context.support.AbstractDirtiesContextTestExecutionListener -- Before test class: class [PowerrangerApplicationTests], class annotated with @DirtiesContext [false] with mode [null]

  .   ____          _            __ _ _
 /\\ / ___'_ __ _ _(_)_ __  __ _ \ \ \ \
( ( )\___ | '_ | '_| | '_ \/ _` | \ \ \ \
 \\/  ___)| |_)| | | | | || (_| |  ) ) ) )
  '  |____| .__|_| |_|_| |_\__, | / / / /
 =========|_|==============|___/=/_/_/_/
 :: Spring Boot ::                (v3.0.6)

2023-05-09T20:13:59.141+09:00  INFO 40896 --- [    Test worker] S.demo.PowerrangerApplicationTests       : Starting PowerrangerApplicationTests using Java 19.0.2 with PID 40896 (started by byeon-eun-yeong in /Users/byeon-eun-yeong/Desktop/SSUpower-Back)
2023-05-09T20:13:59.141+09:00  INFO 40896 --- [    Test worker] S.demo.PowerrangerApplicationTests       : No active profile set, falling back to 1 default profile: "default"
2023-05-09T20:13:59.315+09:00  INFO 40896 --- [    Test worker] .s.d.r.c.RepositoryConfigurationDelegate : Bootstrapping Spring Data JPA repositories in DEFAULT mode.
2023-05-09T20:13:59.321+09:00  INFO 40896 --- [    Test worker] .s.d.r.c.RepositoryConfigurationDelegate : Finished Spring Data repository scanning in 4 ms. Found 0 JPA repository interfaces.
2023-05-09T20:13:59.452+09:00  INFO 40896 --- [    Test worker] com.zaxxer.hikari.HikariDataSource       : HikariPool-1 - Starting...
2023-05-09T20:13:59.762+09:00  INFO 40896 --- [    Test worker] com.zaxxer.hikari.pool.HikariPool        : HikariPool-1 - Added connection org.mariadb.jdbc.Connection@fe09383
2023-05-09T20:13:59.765+09:00  INFO 40896 --- [    Test worker] com.zaxxer.hikari.HikariDataSource       : HikariPool-1 - Start completed.
2023-05-09T20:13:59.802+09:00  INFO 40896 --- [    Test worker] o.hibernate.jpa.internal.util.LogHelper  : HHH000204: Processing PersistenceUnitInfo [name: default]
2023-05-09T20:13:59.826+09:00  INFO 40896 --- [    Test worker] org.hibernate.Version                    : HHH000412: Hibernate ORM core version 6.1.7.Final
2023-05-09T20:13:59.926+09:00  INFO 40896 --- [    Test worker] SQL dialect                              : HHH000400: Using dialect: org.hibernate.dialect.MariaDBDialect
2023-05-09T20:14:00.025+09:00  INFO 40896 --- [    Test worker] o.h.e.t.j.p.i.JtaPlatformInitiator       : HHH000490: Using JtaPlatform implementation: [org.hibernate.engine.transaction.jta.platform.internal.NoJtaPlatform]
2023-05-09T20:14:00.030+09:00  INFO 40896 --- [    Test worker] j.LocalContainerEntityManagerFactoryBean : Initialized JPA EntityManagerFactory for persistence unit 'default'
2023-05-09T20:14:00.151+09:00  INFO 40896 --- [    Test worker] o.s.b.a.w.s.WelcomePageHandlerMapping    : Adding welcome page: class path resource [static/index.html]
2023-05-09T20:14:00.213+09:00  INFO 40896 --- [    Test worker] S.demo.PowerrangerApplicationTests       : Started PowerrangerApplicationTests in 1.159 seconds (process running for 1.554)
]]></system-out>
  <system-err><![CDATA[]]></system-err>
</testsuite>
